<?xml version="1.0" encoding="UTF-8"?>
<!-- Generated by org.testng.reporters.JUnitReportReporter -->
<testsuite hostname="DESKTOP-L8HLN3U" failures="0" tests="2" name="pkg1.createContactTest" time="0.006" errors="0" timestamp="2025-03-20T13:26:26 IST" skipped="0">
  <testcase classname="pkg1.createContactTest" name="createContact" time="0.005"/>
  <testcase classname="pkg1.createContactTest" name="modifycreateContact" time="0.001"/>
</testsuite> <!-- pkg1.createContactTest -->
