<?xml version="1.0" encoding="UTF-8"?>
<!-- Generated by org.testng.reporters.JUnitReportReporter -->
<testsuite hostname="DESKTOP-L8HLN3U" failures="0" tests="2" name="pkg2.createOrgTest" time="0.009" errors="0" timestamp="2025-03-20T13:29:21 IST" skipped="0">
  <testcase classname="pkg2.createOrgTest" name="modifycreateOrg" time="0.001"/>
  <testcase classname="pkg2.createOrgTest" name="createOrg" time="0.008"/>
</testsuite> <!-- pkg2.createOrgTest -->
